FAILED tests/tarefas/t3/movie_order/t3_movie_order_views_test.py::MovieOrderViewsT3Test::test_movie_order_creation_with_employee_token - AssertionError: {'price': '100.00', 'id': 1, 
'title': 'Revo[91 chars]71Z'} != {'id': 1...
FAILED tests/tarefas/t3/movie_order/t3_movie_order_views_test.py::MovieOrderViewsT3Test::test_movie_order_creation_with_non_employee_token - AssertionError: {'price': '100.00', 'id': 1, 'title': 'Revo[82 chars]71Z'} != {'id': 1...